android/app/build/intermediates/manifest_merge_blame_file/debug/processDebugMainManifest/manifest-merger-blame-debug-report.txt
1<?xml version="1.0" encoding="utf-8"?>
2<manifest xmlns:android="http://schemas.android.com/apk/res/android"
3    package="com.example.bloc_login"
4    android:versionCode="1"
5    android:versionName="1.0.0" >
6
7    <uses-sdk
8        android:minSdkVersion="23"
9        android:targetSdkVersion="36" />
10    <!--
11         The INTERNET permission is required for development. Specifically,
12         the Flutter tool needs it to communicate with the running application
13         to allow setting breakpoints, to provide hot reload, etc.
14    -->
15    <uses-permission android:name="android.permission.INTERNET" />
15-->src\main\AndroidManifest.xml:4:5-66
15-->src\main\AndroidManifest.xml:4:22-64
16    <uses-permission android:name="android.permission.ACCESS_FINE_LOCATION" />
16-->src\main\AndroidManifest.xml:5:5-78
16-->src\main\AndroidManifest.xml:5:22-76
17    <uses-permission android:name="android.permission.ACCESS_COARSE_LOCATION" />
17-->src\main\AndroidManifest.xml:6:5-80
17-->src\main\AndroidManifest.xml:6:22-78
18    <!--
19 Required to query activities that can process text, see:
20         https://developer.android.com/training/package-visibility and
21         https://developer.android.com/reference/android/content/Intent#ACTION_PROCESS_TEXT.
22
23         In particular, this is used by the Flutter engine in io.flutter.plugin.text.ProcessTextPlugin.
24    -->
25    <queries>
25-->src\main\AndroidManifest.xml:52:5-57:15
26        <intent>
26-->src\main\AndroidManifest.xml:53:9-56:18
27            <action android:name="android.intent.action.PROCESS_TEXT" />
27-->src\main\AndroidManifest.xml:54:13-72
27-->src\main\AndroidManifest.xml:54:21-70
28
29            <data android:mimeType="text/plain" />
29-->src\main\AndroidManifest.xml:55:13-50
29-->src\main\AndroidManifest.xml:55:19-48
30        </intent>
31        <intent>
31-->[:file_picker] AndroidManifest.xml:8:9-12:18
32            <action android:name="android.intent.action.GET_CONTENT" />
32-->[:file_picker] AndroidManifest.xml:9:13-72
32-->[:file_picker] AndroidManifest.xml:9:21-69
33
34            <data android:mimeType="*/*" />
34-->src\main\AndroidManifest.xml:55:13-50
34-->src\main\AndroidManifest.xml:55:19-48
35        </intent> <!-- Needs to be explicitly declared on Android R+ -->
36        <package android:name="com.google.android.apps.maps" />
36-->[com.google.android.gms:play-services-maps:18.2.0] AndroidManifest.xml:33:9-64
36-->[com.google.android.gms:play-services-maps:18.2.0] AndroidManifest.xml:33:18-61
37    </queries>
38
39    <uses-permission android:name="android.permission.WAKE_LOCK" />
39-->[:firebase_messaging] AndroidManifest.xml:8:5-68
39-->[:firebase_messaging] AndroidManifest.xml:8:22-65
40    <uses-permission android:name="android.permission.ACCESS_NETWORK_STATE" /> <!-- Permissions options for the `notification` group -->
40-->[:firebase_messaging] AndroidManifest.xml:9:5-79
40-->[:firebase_messaging] AndroidManifest.xml:9:22-76
41    <uses-permission android:name="android.permission.POST_NOTIFICATIONS" />
41-->[:firebase_messaging] AndroidManifest.xml:11:5-77
41-->[:firebase_messaging] AndroidManifest.xml:11:22-74
42
43    <uses-feature
43-->[com.google.android.gms:play-services-maps:18.2.0] AndroidManifest.xml:26:5-28:35
44        android:glEsVersion="0x00020000"
44-->[com.google.android.gms:play-services-maps:18.2.0] AndroidManifest.xml:27:9-41
45        android:required="true" /> <!-- Required by older versions of Google Play services to create IID tokens -->
45-->[com.google.android.gms:play-services-maps:18.2.0] AndroidManifest.xml:28:9-32
46    <uses-permission android:name="com.google.android.c2dm.permission.RECEIVE" />
46-->[com.google.firebase:firebase-messaging:24.1.2] AndroidManifest.xml:26:5-82
46-->[com.google.firebase:firebase-messaging:24.1.2] AndroidManifest.xml:26:22-79
47    <uses-permission android:name="com.google.android.finsky.permission.BIND_GET_INSTALL_REFERRER_SERVICE" />
47-->[com.google.android.gms:play-services-measurement:22.5.0] AndroidManifest.xml:26:5-110
47-->[com.google.android.gms:play-services-measurement:22.5.0] AndroidManifest.xml:26:22-107
48    <uses-permission android:name="com.google.android.gms.permission.AD_ID" />
48-->[com.google.android.gms:play-services-measurement-api:22.5.0] AndroidManifest.xml:25:5-79
48-->[com.google.android.gms:play-services-measurement-api:22.5.0] AndroidManifest.xml:25:22-76
49    <uses-permission android:name="android.permission.ACCESS_ADSERVICES_ATTRIBUTION" />
49-->[com.google.android.gms:play-services-measurement-api:22.5.0] AndroidManifest.xml:26:5-88
49-->[com.google.android.gms:play-services-measurement-api:22.5.0] AndroidManifest.xml:26:22-85
50    <uses-permission android:name="android.permission.ACCESS_ADSERVICES_AD_ID" />
50-->[com.google.android.gms:play-services-measurement-api:22.5.0] AndroidManifest.xml:27:5-82
50-->[com.google.android.gms:play-services-measurement-api:22.5.0] AndroidManifest.xml:27:22-79
51    <uses-permission android:name="com.google.android.providers.gsf.permission.READ_GSERVICES" />
51-->[com.google.android.recaptcha:recaptcha:18.6.1] AndroidManifest.xml:9:5-98
51-->[com.google.android.recaptcha:recaptcha:18.6.1] AndroidManifest.xml:9:22-95
52
53    <permission
53-->[androidx.core:core:1.17.0] AndroidManifest.xml:22:5-24:47
54        android:name="com.example.bloc_login.DYNAMIC_RECEIVER_NOT_EXPORTED_PERMISSION"
54-->[androidx.core:core:1.17.0] AndroidManifest.xml:23:9-81
55        android:protectionLevel="signature" />
55-->[androidx.core:core:1.17.0] AndroidManifest.xml:24:9-44
56
57    <uses-permission android:name="com.example.bloc_login.DYNAMIC_RECEIVER_NOT_EXPORTED_PERMISSION" />
57-->[androidx.core:core:1.17.0] AndroidManifest.xml:26:5-97
57-->[androidx.core:core:1.17.0] AndroidManifest.xml:26:22-94
58
59    <application
60        android:name="android.app.Application"
61        android:appComponentFactory="androidx.core.app.CoreComponentFactory"
61-->[androidx.core:core:1.17.0] AndroidManifest.xml:28:18-86
62        android:debuggable="true"
63        android:extractNativeLibs="false"
64        android:icon="@mipmap/ic_launcher"
65        android:label="bloc_login" >
66        <meta-data
67            android:name="com.google.android.geo.API_KEY"
68            android:value="AIzaSyB6fbEZ-qXXIF08REUzf3YI5WmsBGrViB0" />
69
70        <activity
71            android:name="com.example.bloc_login.MainActivity"
72            android:configChanges="orientation|keyboardHidden|keyboard|screenSize|smallestScreenSize|locale|layoutDirection|fontScale|screenLayout|density|uiMode"
73            android:exported="true"
74            android:hardwareAccelerated="true"
75            android:launchMode="singleTop"
76            android:taskAffinity=""
77            android:theme="@style/LaunchTheme"
78            android:windowSoftInputMode="adjustResize" >
79
80            <!--
81                 Specifies an Android theme to apply to this Activity as soon as
82                 the Android process has started. This theme is visible to the user
83                 while the Flutter UI initializes. After that, this theme continues
84                 to determine the Window background behind the Flutter UI.
85            -->
86            <meta-data
87                android:name="io.flutter.embedding.android.NormalTheme"
88                android:resource="@style/NormalTheme" />
89
90            <intent-filter>
91                <action android:name="android.intent.action.MAIN" />
92
93                <category android:name="android.intent.category.LAUNCHER" />
94            </intent-filter>
95        </activity>
96        <!--
97             Don't delete the meta-data below.
98             This is used by the Flutter tool to generate GeneratedPluginRegistrant.java
99        -->
100        <meta-data
101            android:name="flutterEmbedding"
102            android:value="2" />
103
104        <service
104-->[:cloud_firestore] AndroidManifest.xml:8:9-12:19
105            android:name="com.google.firebase.components.ComponentDiscoveryService"
105-->[:cloud_firestore] AndroidManifest.xml:8:18-89
106            android:directBootAware="true"
106-->[com.google.firebase:firebase-common:21.0.0] AndroidManifest.xml:32:13-43
107            android:exported="false" >
107-->[com.google.firebase:firebase-auth:23.2.1] AndroidManifest.xml:68:13-37
108            <meta-data
108-->[:cloud_firestore] AndroidManifest.xml:9:13-11:85
109                android:name="com.google.firebase.components:io.flutter.plugins.firebase.firestore.FlutterFirebaseFirestoreRegistrar"
109-->[:cloud_firestore] AndroidManifest.xml:10:17-134
110                android:value="com.google.firebase.components.ComponentRegistrar" />
110-->[:cloud_firestore] AndroidManifest.xml:11:17-82
111            <meta-data
111-->[:firebase_auth] AndroidManifest.xml:9:13-11:85
112                android:name="com.google.firebase.components:io.flutter.plugins.firebase.auth.FlutterFirebaseAuthRegistrar"
112-->[:firebase_auth] AndroidManifest.xml:10:17-124
113                android:value="com.google.firebase.components.ComponentRegistrar" />
113-->[:firebase_auth] AndroidManifest.xml:11:17-82
114            <meta-data
114-->[:firebase_messaging] AndroidManifest.xml:36:13-38:85
115                android:name="com.google.firebase.components:io.flutter.plugins.firebase.messaging.FlutterFirebaseAppRegistrar"
115-->[:firebase_messaging] AndroidManifest.xml:37:17-128
116                android:value="com.google.firebase.components.ComponentRegistrar" />
116-->[:firebase_messaging] AndroidManifest.xml:38:17-82
117            <meta-data
117-->[:firebase_storage] AndroidManifest.xml:9:13-11:85
118                android:name="com.google.firebase.components:io.flutter.plugins.firebase.storage.FlutterFirebaseAppRegistrar"
118-->[:firebase_storage] AndroidManifest.xml:10:17-126
119                android:value="com.google.firebase.components.ComponentRegistrar" />
119-->[:firebase_storage] AndroidManifest.xml:11:17-82
120            <meta-data
120-->[:firebase_core] AndroidManifest.xml:9:13-11:85
121                android:name="com.google.firebase.components:io.flutter.plugins.firebase.core.FlutterFirebaseCoreRegistrar"
121-->[:firebase_core] AndroidManifest.xml:10:17-124
122                android:value="com.google.firebase.components.ComponentRegistrar" />
122-->[:firebase_core] AndroidManifest.xml:11:17-82
123            <meta-data
123-->[com.google.firebase:firebase-auth:23.2.1] AndroidManifest.xml:69:13-71:85
124                android:name="com.google.firebase.components:com.google.firebase.auth.FirebaseAuthRegistrar"
124-->[com.google.firebase:firebase-auth:23.2.1] AndroidManifest.xml:70:17-109
125                android:value="com.google.firebase.components.ComponentRegistrar" />
125-->[com.google.firebase:firebase-auth:23.2.1] AndroidManifest.xml:71:17-82
126            <meta-data
126-->[com.google.firebase:firebase-firestore:25.1.4] AndroidManifest.xml:17:13-19:85
127                android:name="com.google.firebase.components:com.google.firebase.firestore.FirebaseFirestoreKtxRegistrar"
127-->[com.google.firebase:firebase-firestore:25.1.4] AndroidManifest.xml:18:17-122
128                android:value="com.google.firebase.components.ComponentRegistrar" />
128-->[com.google.firebase:firebase-firestore:25.1.4] AndroidManifest.xml:19:17-82
129            <meta-data
129-->[com.google.firebase:firebase-firestore:25.1.4] AndroidManifest.xml:20:13-22:85
130                android:name="com.google.firebase.components:com.google.firebase.firestore.FirestoreRegistrar"
130-->[com.google.firebase:firebase-firestore:25.1.4] AndroidManifest.xml:21:17-111
131                android:value="com.google.firebase.components.ComponentRegistrar" />
131-->[com.google.firebase:firebase-firestore:25.1.4] AndroidManifest.xml:22:17-82
132            <meta-data
132-->[com.google.firebase:firebase-messaging:24.1.2] AndroidManifest.xml:57:13-59:85
133                android:name="com.google.firebase.components:com.google.firebase.messaging.FirebaseMessagingKtxRegistrar"
133-->[com.google.firebase:firebase-messaging:24.1.2] AndroidManifest.xml:58:17-122
134                android:value="com.google.firebase.components.ComponentRegistrar" />
134-->[com.google.firebase:firebase-messaging:24.1.2] AndroidManifest.xml:59:17-82
135            <meta-data
135-->[com.google.firebase:firebase-messaging:24.1.2] AndroidManifest.xml:60:13-62:85
136                android:name="com.google.firebase.components:com.google.firebase.messaging.FirebaseMessagingRegistrar"
136-->[com.google.firebase:firebase-messaging:24.1.2] AndroidManifest.xml:61:17-119
137                android:value="com.google.firebase.components.ComponentRegistrar" />
137-->[com.google.firebase:firebase-messaging:24.1.2] AndroidManifest.xml:62:17-82
138            <meta-data
138-->[com.google.android.gms:play-services-measurement-api:22.5.0] AndroidManifest.xml:33:13-35:85
139                android:name="com.google.firebase.components:com.google.firebase.analytics.connector.internal.AnalyticsConnectorRegistrar"
139-->[com.google.android.gms:play-services-measurement-api:22.5.0] AndroidManifest.xml:34:17-139
140                android:value="com.google.firebase.components.ComponentRegistrar" />
140-->[com.google.android.gms:play-services-measurement-api:22.5.0] AndroidManifest.xml:35:17-82
141            <meta-data
141-->[com.google.firebase:firebase-storage:21.0.2] AndroidManifest.xml:30:13-32:85
142                android:name="com.google.firebase.components:com.google.firebase.storage.FirebaseStorageKtxRegistrar"
142-->[com.google.firebase:firebase-storage:21.0.2] AndroidManifest.xml:31:17-118
143                android:value="com.google.firebase.components.ComponentRegistrar" />
143-->[com.google.firebase:firebase-storage:21.0.2] AndroidManifest.xml:32:17-82
144            <meta-data
144-->[com.google.firebase:firebase-storage:21.0.2] AndroidManifest.xml:33:13-35:85
145                android:name="com.google.firebase.components:com.google.firebase.storage.StorageRegistrar"
145-->[com.google.firebase:firebase-storage:21.0.2] AndroidManifest.xml:34:17-107
146                android:value="com.google.firebase.components.ComponentRegistrar" />
146-->[com.google.firebase:firebase-storage:21.0.2] AndroidManifest.xml:35:17-82
147            <meta-data
147-->[com.google.firebase:firebase-installations:18.0.0] AndroidManifest.xml:15:13-17:85
148                android:name="com.google.firebase.components:com.google.firebase.installations.FirebaseInstallationsKtxRegistrar"
148-->[com.google.firebase:firebase-installations:18.0.0] AndroidManifest.xml:16:17-130
149                android:value="com.google.firebase.components.ComponentRegistrar" />
149-->[com.google.firebase:firebase-installations:18.0.0] AndroidManifest.xml:17:17-82
150            <meta-data
150-->[com.google.firebase:firebase-installations:18.0.0] AndroidManifest.xml:18:13-20:85
151                android:name="com.google.firebase.components:com.google.firebase.installations.FirebaseInstallationsRegistrar"
151-->[com.google.firebase:firebase-installations:18.0.0] AndroidManifest.xml:19:17-127
152                android:value="com.google.firebase.components.ComponentRegistrar" />
152-->[com.google.firebase:firebase-installations:18.0.0] AndroidManifest.xml:20:17-82
153            <meta-data
153-->[com.google.firebase:firebase-appcheck:18.0.0] AndroidManifest.xml:25:13-27:85
154                android:name="com.google.firebase.components:com.google.firebase.appcheck.FirebaseAppCheckKtxRegistrar"
154-->[com.google.firebase:firebase-appcheck:18.0.0] AndroidManifest.xml:26:17-120
155                android:value="com.google.firebase.components.ComponentRegistrar" />
155-->[com.google.firebase:firebase-appcheck:18.0.0] AndroidManifest.xml:27:17-82
156            <meta-data
156-->[com.google.firebase:firebase-appcheck:18.0.0] AndroidManifest.xml:28:13-30:85
157                android:name="com.google.firebase.components:com.google.firebase.appcheck.FirebaseAppCheckRegistrar"
157-->[com.google.firebase:firebase-appcheck:18.0.0] AndroidManifest.xml:29:17-117
158                android:value="com.google.firebase.components.ComponentRegistrar" />
158-->[com.google.firebase:firebase-appcheck:18.0.0] AndroidManifest.xml:30:17-82
159            <meta-data
159-->[com.google.firebase:firebase-common-ktx:21.0.0] AndroidManifest.xml:12:13-14:85
160                android:name="com.google.firebase.components:com.google.firebase.ktx.FirebaseCommonLegacyRegistrar"
160-->[com.google.firebase:firebase-common-ktx:21.0.0] AndroidManifest.xml:13:17-116
161                android:value="com.google.firebase.components.ComponentRegistrar" />
161-->[com.google.firebase:firebase-common-ktx:21.0.0] AndroidManifest.xml:14:17-82
162            <meta-data
162-->[com.google.firebase:firebase-common:21.0.0] AndroidManifest.xml:35:13-37:85
163                android:name="com.google.firebase.components:com.google.firebase.FirebaseCommonKtxRegistrar"
163-->[com.google.firebase:firebase-common:21.0.0] AndroidManifest.xml:36:17-109
164                android:value="com.google.firebase.components.ComponentRegistrar" />
164-->[com.google.firebase:firebase-common:21.0.0] AndroidManifest.xml:37:17-82
165            <meta-data
165-->[com.google.firebase:firebase-datatransport:18.2.0] AndroidManifest.xml:25:13-27:85
166                android:name="com.google.firebase.components:com.google.firebase.datatransport.TransportRegistrar"
166-->[com.google.firebase:firebase-datatransport:18.2.0] AndroidManifest.xml:26:17-115
167                android:value="com.google.firebase.components.ComponentRegistrar" />
167-->[com.google.firebase:firebase-datatransport:18.2.0] AndroidManifest.xml:27:17-82
168        </service>
169        <service
169-->[:firebase_messaging] AndroidManifest.xml:14:9-17:72
170            android:name="io.flutter.plugins.firebase.messaging.FlutterFirebaseMessagingBackgroundService"
170-->[:firebase_messaging] AndroidManifest.xml:15:13-107
171            android:exported="false"
171-->[:firebase_messaging] AndroidManifest.xml:16:13-37
172            android:permission="android.permission.BIND_JOB_SERVICE" />
172-->[:firebase_messaging] AndroidManifest.xml:17:13-69
173        <service
173-->[:firebase_messaging] AndroidManifest.xml:18:9-24:19
174            android:name="io.flutter.plugins.firebase.messaging.FlutterFirebaseMessagingService"
174-->[:firebase_messaging] AndroidManifest.xml:19:13-97
175            android:exported="false" >
175-->[:firebase_messaging] AndroidManifest.xml:20:13-37
176            <intent-filter>
176-->[:firebase_messaging] AndroidManifest.xml:21:13-23:29
177                <action android:name="com.google.firebase.MESSAGING_EVENT" />
177-->[:firebase_messaging] AndroidManifest.xml:22:17-78
177-->[:firebase_messaging] AndroidManifest.xml:22:25-75
178            </intent-filter>
179        </service>
180
181        <receiver
181-->[:firebase_messaging] AndroidManifest.xml:26:9-33:20
182            android:name="io.flutter.plugins.firebase.messaging.FlutterFirebaseMessagingReceiver"
182-->[:firebase_messaging] AndroidManifest.xml:27:13-98
183            android:exported="true"
183-->[:firebase_messaging] AndroidManifest.xml:28:13-36
184            android:permission="com.google.android.c2dm.permission.SEND" >
184-->[:firebase_messaging] AndroidManifest.xml:29:13-73
185            <intent-filter>
185-->[:firebase_messaging] AndroidManifest.xml:30:13-32:29
186                <action android:name="com.google.android.c2dm.intent.RECEIVE" />
186-->[:firebase_messaging] AndroidManifest.xml:31:17-81
186-->[:firebase_messaging] AndroidManifest.xml:31:25-78
187            </intent-filter>
188        </receiver>
189
190        <provider
190-->[:firebase_messaging] AndroidManifest.xml:41:9-45:38
191            android:name="io.flutter.plugins.firebase.messaging.FlutterFirebaseMessagingInitProvider"
191-->[:firebase_messaging] AndroidManifest.xml:42:13-102
192            android:authorities="com.example.bloc_login.flutterfirebasemessaginginitprovider"
192-->[:firebase_messaging] AndroidManifest.xml:43:13-88
193            android:exported="false"
193-->[:firebase_messaging] AndroidManifest.xml:44:13-37
194            android:initOrder="99" />
194-->[:firebase_messaging] AndroidManifest.xml:45:13-35
195        <provider
195-->[:image_picker_android] AndroidManifest.xml:9:9-17:20
196            android:name="io.flutter.plugins.imagepicker.ImagePickerFileProvider"
196-->[:image_picker_android] AndroidManifest.xml:10:13-82
197            android:authorities="com.example.bloc_login.flutter.image_provider"
197-->[:image_picker_android] AndroidManifest.xml:11:13-74
198            android:exported="false"
198-->[:image_picker_android] AndroidManifest.xml:12:13-37
199            android:grantUriPermissions="true" >
199-->[:image_picker_android] AndroidManifest.xml:13:13-47
200            <meta-data
200-->[:image_picker_android] AndroidManifest.xml:14:13-16:75
201                android:name="android.support.FILE_PROVIDER_PATHS"
201-->[:image_picker_android] AndroidManifest.xml:15:17-67
202                android:resource="@xml/flutter_image_picker_file_paths" />
202-->[:image_picker_android] AndroidManifest.xml:16:17-72
203        </provider> <!-- Trigger Google Play services to install the backported photo picker module. -->
204        <service
204-->[:image_picker_android] AndroidManifest.xml:19:9-31:19
205            android:name="com.google.android.gms.metadata.ModuleDependencies"
205-->[:image_picker_android] AndroidManifest.xml:20:13-78
206            android:enabled="false"
206-->[:image_picker_android] AndroidManifest.xml:21:13-36
207            android:exported="false" >
207-->[:image_picker_android] AndroidManifest.xml:22:13-37
208            <intent-filter>
208-->[:image_picker_android] AndroidManifest.xml:24:13-26:29
209                <action android:name="com.google.android.gms.metadata.MODULE_DEPENDENCIES" />
209-->[:image_picker_android] AndroidManifest.xml:25:17-94
209-->[:image_picker_android] AndroidManifest.xml:25:25-91
210            </intent-filter>
211
212            <meta-data
212-->[:image_picker_android] AndroidManifest.xml:28:13-30:36
213                android:name="photopicker_activity:0:required"
213-->[:image_picker_android] AndroidManifest.xml:29:17-63
214                android:value="" />
214-->[:image_picker_android] AndroidManifest.xml:30:17-33
215        </service>
216        <service
216-->[:geolocator_android] AndroidManifest.xml:8:9-12:56
217            android:name="com.baseflow.geolocator.GeolocatorLocationService"
217-->[:geolocator_android] AndroidManifest.xml:9:13-77
218            android:enabled="true"
218-->[:geolocator_android] AndroidManifest.xml:10:13-35
219            android:exported="false"
219-->[:geolocator_android] AndroidManifest.xml:11:13-37
220            android:foregroundServiceType="location" />
220-->[:geolocator_android] AndroidManifest.xml:12:13-53
221
222        <provider
222-->[:open_file_android] AndroidManifest.xml:9:9-19:20
223            android:name="com.crazecoder.openfile.FileProvider"
223-->[:open_file_android] AndroidManifest.xml:10:13-64
224            android:authorities="com.example.bloc_login.fileProvider.com.crazecoder.openfile"
224-->[:open_file_android] AndroidManifest.xml:11:13-88
225            android:exported="false"
225-->[:open_file_android] AndroidManifest.xml:12:13-37
226            android:grantUriPermissions="true"
226-->[:open_file_android] AndroidManifest.xml:13:13-47
227            android:requestLegacyExternalStorage="true" >
227-->[:open_file_android] AndroidManifest.xml:14:13-56
228            <meta-data
228-->[:image_picker_android] AndroidManifest.xml:14:13-16:75
229                android:name="android.support.FILE_PROVIDER_PATHS"
229-->[:image_picker_android] AndroidManifest.xml:15:17-67
230                android:resource="@xml/filepaths" />
230-->[:image_picker_android] AndroidManifest.xml:16:17-72
231        </provider>
232
233        <activity
233-->[:url_launcher_android] AndroidManifest.xml:8:9-11:74
234            android:name="io.flutter.plugins.urllauncher.WebViewActivity"
234-->[:url_launcher_android] AndroidManifest.xml:9:13-74
235            android:exported="false"
235-->[:url_launcher_android] AndroidManifest.xml:10:13-37
236            android:theme="@android:style/Theme.NoTitleBar.Fullscreen" />
236-->[:url_launcher_android] AndroidManifest.xml:11:13-71
237        <activity
237-->[com.google.firebase:firebase-auth:23.2.1] AndroidManifest.xml:29:9-46:20
238            android:name="com.google.firebase.auth.internal.GenericIdpActivity"
238-->[com.google.firebase:firebase-auth:23.2.1] AndroidManifest.xml:30:13-80
239            android:excludeFromRecents="true"
239-->[com.google.firebase:firebase-auth:23.2.1] AndroidManifest.xml:31:13-46
240            android:exported="true"
240-->[com.google.firebase:firebase-auth:23.2.1] AndroidManifest.xml:32:13-36
241            android:launchMode="singleTask"
241-->[com.google.firebase:firebase-auth:23.2.1] AndroidManifest.xml:33:13-44
242            android:theme="@android:style/Theme.Translucent.NoTitleBar" >
242-->[com.google.firebase:firebase-auth:23.2.1] AndroidManifest.xml:34:13-72
243            <intent-filter>
243-->[com.google.firebase:firebase-auth:23.2.1] AndroidManifest.xml:35:13-45:29
244                <action android:name="android.intent.action.VIEW" />
244-->[com.google.firebase:firebase-auth:23.2.1] AndroidManifest.xml:36:17-69
244-->[com.google.firebase:firebase-auth:23.2.1] AndroidManifest.xml:36:25-66
245
246                <category android:name="android.intent.category.DEFAULT" />
246-->[com.google.firebase:firebase-auth:23.2.1] AndroidManifest.xml:38:17-76
246-->[com.google.firebase:firebase-auth:23.2.1] AndroidManifest.xml:38:27-73
247                <category android:name="android.intent.category.BROWSABLE" />
247-->[com.google.firebase:firebase-auth:23.2.1] AndroidManifest.xml:39:17-78
247-->[com.google.firebase:firebase-auth:23.2.1] AndroidManifest.xml:39:27-75
248
249                <data
249-->src\main\AndroidManifest.xml:55:13-50
250                    android:host="firebase.auth"
251                    android:path="/"
252                    android:scheme="genericidp" />
253            </intent-filter>
254        </activity>
255        <activity
255-->[com.google.firebase:firebase-auth:23.2.1] AndroidManifest.xml:47:9-64:20
256            android:name="com.google.firebase.auth.internal.RecaptchaActivity"
256-->[com.google.firebase:firebase-auth:23.2.1] AndroidManifest.xml:48:13-79
257            android:excludeFromRecents="true"
257-->[com.google.firebase:firebase-auth:23.2.1] AndroidManifest.xml:49:13-46
258            android:exported="true"
258-->[com.google.firebase:firebase-auth:23.2.1] AndroidManifest.xml:50:13-36
259            android:launchMode="singleTask"
259-->[com.google.firebase:firebase-auth:23.2.1] AndroidManifest.xml:51:13-44
260            android:theme="@android:style/Theme.Translucent.NoTitleBar" >
260-->[com.google.firebase:firebase-auth:23.2.1] AndroidManifest.xml:52:13-72
261            <intent-filter>
261-->[com.google.firebase:firebase-auth:23.2.1] AndroidManifest.xml:53:13-63:29
262                <action android:name="android.intent.action.VIEW" />
262-->[com.google.firebase:firebase-auth:23.2.1] AndroidManifest.xml:36:17-69
262-->[com.google.firebase:firebase-auth:23.2.1] AndroidManifest.xml:36:25-66
263
264                <category android:name="android.intent.category.DEFAULT" />
264-->[com.google.firebase:firebase-auth:23.2.1] AndroidManifest.xml:38:17-76
264-->[com.google.firebase:firebase-auth:23.2.1] AndroidManifest.xml:38:27-73
265                <category android:name="android.intent.category.BROWSABLE" />
265-->[com.google.firebase:firebase-auth:23.2.1] AndroidManifest.xml:39:17-78
265-->[com.google.firebase:firebase-auth:23.2.1] AndroidManifest.xml:39:27-75
266
267                <data
267-->src\main\AndroidManifest.xml:55:13-50
268                    android:host="firebase.auth"
269                    android:path="/"
270                    android:scheme="recaptcha" />
271            </intent-filter>
272        </activity> <!-- Needs to be explicitly declared on P+ -->
273        <uses-library
273-->[com.google.android.gms:play-services-maps:18.2.0] AndroidManifest.xml:39:9-41:40
274            android:name="org.apache.http.legacy"
274-->[com.google.android.gms:play-services-maps:18.2.0] AndroidManifest.xml:40:13-50
275            android:required="false" />
275-->[com.google.android.gms:play-services-maps:18.2.0] AndroidManifest.xml:41:13-37
276
277        <receiver
277-->[com.google.firebase:firebase-messaging:24.1.2] AndroidManifest.xml:29:9-40:20
278            android:name="com.google.firebase.iid.FirebaseInstanceIdReceiver"
278-->[com.google.firebase:firebase-messaging:24.1.2] AndroidManifest.xml:30:13-78
279            android:exported="true"
279-->[com.google.firebase:firebase-messaging:24.1.2] AndroidManifest.xml:31:13-36
280            android:permission="com.google.android.c2dm.permission.SEND" >
280-->[com.google.firebase:firebase-messaging:24.1.2] AndroidManifest.xml:32:13-73
281            <intent-filter>
281-->[:firebase_messaging] AndroidManifest.xml:30:13-32:29
282                <action android:name="com.google.android.c2dm.intent.RECEIVE" />
282-->[:firebase_messaging] AndroidManifest.xml:31:17-81
282-->[:firebase_messaging] AndroidManifest.xml:31:25-78
283            </intent-filter>
284
285            <meta-data
285-->[com.google.firebase:firebase-messaging:24.1.2] AndroidManifest.xml:37:13-39:40
286                android:name="com.google.android.gms.cloudmessaging.FINISHED_AFTER_HANDLED"
286-->[com.google.firebase:firebase-messaging:24.1.2] AndroidManifest.xml:38:17-92
287                android:value="true" />